<?xml version="1.0" encoding="UTF-8"?>
<!-- Generated by org.testng.reporters.JUnitXMLReporter -->
<testsuite hostname="TSD-154" name="DataProviderTests" tests="5" failures="1" timestamp="13 Oct 2016 06:54:27 GMT" time="0.175" errors="0">
  <testcase name="testIEServerPath" time="0.011" classname="unitTests.RunConfigurationTests"/>
  <testcase name="testLoadTimeout" time="0.003" classname="unitTests.RunConfigurationTests"/>
  <testcase name="testEmail" time="0.003" classname="unitTests.TestDataProviderTests">
    <failure type="java.lang.AssertionError" message="Incorrect value of email retrieved expected [parinit3@outlook.com] but found [parinit14@abc.com]">
      <![CDATA[java.lang.AssertionError: Incorrect value of email retrieved expected [parinit3@outlook.com] but found [parinit14@abc.com]
	at unitTests.TestDataProviderTests.testEmail(TestDataProviderTests.java:49)
... Removed 30 stack frames]]>
    </failure>
  </testcase> <!-- testEmail -->
  <testcase name="testProductID" time="0.003" classname="unitTests.TestDataProviderTests"/>
  <testcase name="testUsernaame" time="0.001" classname="unitTests.TestDataProviderTests"/>
</testsuite> <!-- DataProviderTests -->
