<?xml version="1.0" encoding="UTF-8"?>
<!-- Generated by org.testng.reporters.JUnitXMLReporter -->
<testsuite hostname="TSD-154" name="Default test" tests="3" failures="0" timestamp="13 Oct 2016 06:42:26 GMT" time="0.135" errors="0">
  <testcase name="testEmail" time="0.01" classname="unitTests.TestDataProviderTests"/>
  <testcase name="testProductID" time="0.005" classname="unitTests.TestDataProviderTests"/>
  <testcase name="testUsernaame" time="0.001" classname="unitTests.TestDataProviderTests"/>
</testsuite> <!-- Default test -->
